<?xml version="1.0" encoding="UTF-8"?>
<!-- Generated by org.testng.reporters.JUnitReportReporter -->
<testsuite hostname="DESKTOP-BJVN96A" failures="0" tests="1" name="appiumcourse.DragDrop" time="6.343" errors="0" timestamp="2024-03-08T12:07:44 BRT" skipped="0">
  <testcase classname="appiumcourse.DragDrop" name="DragDropTest" time="6.343"/>
</testsuite> <!-- appiumcourse.DragDrop -->
