<?xml version="1.0" encoding="UTF-8"?>
<!-- Generated by org.testng.reporters.JUnitReportReporter -->
<testsuite hostname="DESKTOP-BJVN96A" failures="0" tests="1" name="appiumcourse.AppiumBasics" time="4.990" errors="0" timestamp="2024-02-16T22:44:41 BRT" skipped="0">
  <testcase classname="appiumcourse.AppiumBasics" name="WifiSettingsName" time="4.990"/>
</testsuite> <!-- appiumcourse.AppiumBasics -->
