<?xml version="1.0" encoding="UTF-8"?>
<!-- Generated by org.testng.reporters.JUnitReportReporter -->
<testsuite hostname="DESKTOP-BJVN96A" failures="0" tests="1" name="appiumcourse.MisceallanousAppiumActions" time="7.534" errors="0" timestamp="2024-03-08T13:05:23 BRT" skipped="0">
  <testcase classname="appiumcourse.MisceallanousAppiumActions" name="Misceallanous" time="7.534"/>
</testsuite> <!-- appiumcourse.MisceallanousAppiumActions -->
