<?xml version="1.0" encoding="UTF-8"?>
<!-- Generated by org.testng.reporters.JUnitReportReporter -->
<testsuite hostname="DESKTOP-BJVN96A" failures="0" tests="1" name="appiumcourse.LongPress" time="6.354" errors="0" timestamp="2024-03-08T12:14:19 BRT" skipped="0">
  <testcase classname="appiumcourse.LongPress" name="LongPressGesture" time="6.354"/>
</testsuite> <!-- appiumcourse.LongPress -->
