<?xml version="1.0" encoding="UTF-8"?>
<!-- Generated by org.testng.reporters.JUnitReportReporter -->
<testsuite hostname="DESKTOP-BJVN96A" failures="0" tests="1" name="appiumcourse.Swipe" time="4.992" errors="0" timestamp="2024-02-17T12:37:24 BRT" skipped="0">
  <testcase classname="appiumcourse.Swipe" name="SwipeTest" time="4.992"/>
</testsuite> <!-- appiumcourse.Swipe -->
