<?xml version="1.0" encoding="UTF-8"?>
<!-- Generated by org.testng.reporters.JUnitReportReporter -->
<testsuite hostname="DESKTOP-BJVN96A" failures="0" tests="1" name="appiumcourse.Scroll" time="32.829" errors="0" timestamp="2024-02-17T12:13:39 BRT" skipped="0">
  <testcase classname="appiumcourse.Scroll" name="ScrollTest" time="32.829"/>
</testsuite> <!-- appiumcourse.Scroll -->
