<?xml version="1.0" encoding="UTF-8"?>
<!-- Generated by org.testng.reporters.JUnitReportReporter -->
<testsuite hostname="DESKTOP-BJVN96A" failures="0" tests="1" name="appiumcourse.AppiumBasics" time="1.363" errors="0" timestamp="2024-02-16T21:49:12 BRT" skipped="0">
  <testcase classname="appiumcourse.AppiumBasics" name="WifiSettingsName" time="1.363"/>
</testsuite> <!-- appiumcourse.AppiumBasics -->
